2021-12-03 19:30:01 [ThreadId 3] ERROR phoityne - ghci launch error. <file descriptor: 5>: hPutChar: resource vanished (Broken pipe)

2021-12-03 19:30:01 [ThreadId 3] ERROR phoityne - [disconnectRequestHandler] ghci not started.
2021-12-08 12:47:27 [ThreadId 3] ERROR phoityne - "error: * Variable not in scope: xs * Perhaps you meant xs' (<no location info>)"
2021-12-08 12:47:33 [ThreadId 3] ERROR phoityne - "error: * Variable not in scope: xs * Perhaps you meant xs' (<no location info>)"
2021-12-08 12:47:41 [ThreadId 3] ERROR phoityne - "error: * Variable not in scope: xs * Perhaps you meant xs' (<no location info>)"
2021-12-08 12:47:49 [ThreadId 3] ERROR phoityne - "error: * Variable not in scope: xs * Perhaps you meant xs' (<no location info>)"
2021-12-08 12:48:09 [ThreadId 3] ERROR phoityne - [WARN] stepOut command is not supported. ignored.
2021-12-08 12:48:17 [ThreadId 3] ERROR phoityne - "error: * Variable not in scope: xs * Perhaps you meant xs' (<no location info>)"
2021-12-08 12:49:59 [ThreadId 3] ERROR phoityne - "\"extractSourcePosition\" (line 2, column 6):\nunexpected end of input\nexpecting \"Stopped at \" or \"Stopped in \" [INPUT]00010\")\nH>>= "
2021-12-09 16:30:20 [ThreadId 3] ERROR phoityne - ghci launch error. <file descriptor: 5>: hPutChar: resource vanished (Broken pipe)

2021-12-09 16:30:20 [ThreadId 3] ERROR phoityne - [disconnectRequestHandler] ghci not started.
2021-12-09 16:30:33 [ThreadId 3] ERROR phoityne - ghci launch error. <file descriptor: 5>: hPutChar: resource vanished (Broken pipe)

2021-12-09 16:30:33 [ThreadId 3] ERROR phoityne - [disconnectRequestHandler] ghci not started.
2021-12-09 16:31:30 [ThreadId 3] ERROR phoityne - ghci launch error. <file descriptor: 5>: hPutChar: resource vanished (Broken pipe)

2021-12-09 16:31:30 [ThreadId 3] ERROR phoityne - [disconnectRequestHandler] ghci not started.
2021-12-09 16:32:13 [ThreadId 3] ERROR phoityne - ghci launch error. <file descriptor: 5>: hPutChar: resource vanished (Broken pipe)

2021-12-09 16:32:13 [ThreadId 3] ERROR phoityne - [disconnectRequestHandler] ghci not started.
2021-12-09 16:37:45 [ThreadId 3] ERROR phoityne - ghci launch error. <file descriptor: 5>: hPutChar: resource vanished (Broken pipe)

2021-12-09 16:37:45 [ThreadId 3] ERROR phoityne - [disconnectRequestHandler] ghci not started.
2021-12-09 16:38:02 [ThreadId 3] ERROR phoityne - ghci launch error. <file descriptor: 5>: hPutChar: resource vanished (Broken pipe)

2021-12-09 16:38:02 [ThreadId 3] ERROR phoityne - [disconnectRequestHandler] ghci not started.
2021-12-10 11:31:02 [ThreadId 3] ERROR phoityne - ghci launch error. <file descriptor: 5>: hPutChar: resource vanished (Broken pipe)

2021-12-10 11:31:02 [ThreadId 3] ERROR phoityne - [disconnectRequestHandler] ghci not started.
2021-12-10 11:34:49 [ThreadId 3] ERROR phoityne - "error: Variable not in scope: boardInput"
2021-12-10 11:35:26 [ThreadId 3] ERROR phoityne - "error: Variable not in scope: boardInput"
2021-12-10 11:35:55 [ThreadId 3] ERROR phoityne - "error: Variable not in scope: boardInput"
2021-12-10 11:36:04 [ThreadId 3] ERROR phoityne - "\"extractSourcePosition\" (line 2, column 6):\nunexpected end of input\nexpecting \"Stopped at \" or \"Stopped in \" [INPUT]*** Exception: Prelude.read: no parse\nH>>= "
2021-12-10 11:48:56 [ThreadId 3] ERROR phoityne - ghci launch error. <file descriptor: 5>: hPutChar: resource vanished (Broken pipe)

2021-12-10 11:48:56 [ThreadId 3] ERROR phoityne - [disconnectRequestHandler] ghci not started.
2021-12-10 11:59:35 [ThreadId 3] ERROR phoityne - [WARN] pause command is not supported. ignored.
2021-12-10 11:59:52 [ThreadId 3] ERROR phoityne - "error: * Variable not in scope: board * Perhaps you meant board' (<no location info>)"
2021-12-10 12:01:32 [ThreadId 3] ERROR phoityne - "error: * Variable not in scope: board * Perhaps you meant board' (<no location info>)"
2021-12-10 12:02:30 [ThreadId 3] ERROR phoityne - "error: * Variable not in scope: board * Perhaps you meant board' (<no location info>)"
2021-12-10 12:37:37 [ThreadId 3] ERROR phoityne - "error: * Variable not in scope: boards' * Perhaps you meant `boards' (<no location info>)"
2021-12-10 12:37:37 [ThreadId 3] ERROR phoityne - "error: * Variable not in scope: boards' * Perhaps you meant `boards' (<no location info>)"
2021-12-10 12:37:43 [ThreadId 3] ERROR phoityne - "error: * Variable not in scope: boards' * Perhaps you meant `boards' (<no location info>)"
2021-12-10 12:37:43 [ThreadId 3] ERROR phoityne - "error: * Variable not in scope: boards' * Perhaps you meant `boards' (<no location info>)"
2021-12-10 12:37:56 [ThreadId 3] ERROR phoityne - "error: * Variable not in scope: boards' * Perhaps you meant `boards' (<no location info>)"
2021-12-10 12:37:56 [ThreadId 3] ERROR phoityne - "error: * Variable not in scope: boards' * Perhaps you meant `boards' (<no location info>)"
2021-12-10 12:38:33 [ThreadId 3] ERROR phoityne - "error: * Variable not in scope: boards' * Perhaps you meant `boards' (<no location info>)"
2021-12-10 12:38:33 [ThreadId 3] ERROR phoityne - "error: * Variable not in scope: boards' * Perhaps you meant `boards' (<no location info>)"
2021-12-10 12:38:49 [ThreadId 3] ERROR phoityne - "error: * Variable not in scope: boards' * Perhaps you meant `boards' (<no location info>)"
2021-12-10 12:38:49 [ThreadId 3] ERROR phoityne - "error: * Variable not in scope: boards' * Perhaps you meant `boards' (<no location info>)"
2021-12-10 12:39:06 [ThreadId 3] ERROR phoityne - "error: * Variable not in scope: boards' * Perhaps you meant `boards' (<no location info>)"
2021-12-10 12:39:14 [ThreadId 3] ERROR phoityne - "error: * Variable not in scope: boards' * Perhaps you meant `boards' (<no location info>)"
2021-12-10 12:39:22 [ThreadId 3] ERROR phoityne - "error: * Variable not in scope: boards' * Perhaps you meant `boards' (<no location info>)"
2021-12-10 12:39:38 [ThreadId 3] ERROR phoityne - "error: * Variable not in scope: boards' * Perhaps you meant `boards' (<no location info>)"
2021-12-10 12:39:55 [ThreadId 3] ERROR phoityne - "error: * Variable not in scope: boards' * Perhaps you meant `boards' (<no location info>)"
2021-12-10 12:43:03 [ThreadId 3] ERROR phoityne - "error: * Variable not in scope: boards' * Perhaps you meant `boards' (<no location info>)"
2021-12-10 12:43:27 [ThreadId 3] ERROR phoityne - "error: * Variable not in scope: boards * Perhaps you meant one of these: boards' (<no location info>), `words' (imported from Prelude)"
2021-12-10 12:43:27 [ThreadId 3] ERROR phoityne - "error: * Variable not in scope: boards :: [a] * Perhaps you meant one of these: boards' (<no location info>), `words' (imported from Prelude)"
2021-12-10 12:43:49 [ThreadId 3] ERROR phoityne - "error: * Variable not in scope: boards * Perhaps you meant one of these: boards' (<no location info>), `words' (imported from Prelude)"
2021-12-10 12:43:49 [ThreadId 3] ERROR phoityne - "error: * Variable not in scope: boards :: [a] * Perhaps you meant one of these: boards' (<no location info>), `words' (imported from Prelude)"
2021-12-10 12:43:57 [ThreadId 3] ERROR phoityne - "error: * Variable not in scope: boards * Perhaps you meant one of these: boards' (<no location info>), `words' (imported from Prelude)"
2021-12-10 12:43:57 [ThreadId 3] ERROR phoityne - "error: * Variable not in scope: boards :: [a] * Perhaps you meant one of these: boards' (<no location info>), `words' (imported from Prelude)"
2021-12-10 12:44:04 [ThreadId 3] ERROR phoityne - "error: * Variable not in scope: boards * Perhaps you meant one of these: boards' (<no location info>), `words' (imported from Prelude)"
2021-12-10 12:44:04 [ThreadId 3] ERROR phoityne - "error: * Variable not in scope: boards :: [a] * Perhaps you meant one of these: boards' (<no location info>), `words' (imported from Prelude)"
2021-12-10 12:44:06 [ThreadId 3] ERROR phoityne - "error: Variable not in scope: n"
2021-12-10 12:44:17 [ThreadId 3] ERROR phoityne - "error: * Variable not in scope: boards * Perhaps you meant one of these: boards' (<no location info>), `words' (imported from Prelude)"
2021-12-10 12:44:17 [ThreadId 3] ERROR phoityne - "error: * Variable not in scope: boards :: [a] * Perhaps you meant one of these: boards' (<no location info>), `words' (imported from Prelude)"
2021-12-10 12:44:17 [ThreadId 3] ERROR phoityne - "error: Variable not in scope: n"
2021-12-10 12:44:39 [ThreadId 3] ERROR phoityne - "error: * Variable not in scope: boards * Perhaps you meant one of these: boards' (<no location info>), `words' (imported from Prelude)"
2021-12-10 12:44:39 [ThreadId 3] ERROR phoityne - "error: * Variable not in scope: boards :: [a] * Perhaps you meant one of these: boards' (<no location info>), `words' (imported from Prelude)"
2021-12-10 12:44:39 [ThreadId 3] ERROR phoityne - "error: Variable not in scope: n"
2021-12-10 12:44:50 [ThreadId 3] ERROR phoityne - "error: * Variable not in scope: boards * Perhaps you meant one of these: boards' (<no location info>), `words' (imported from Prelude)"
2021-12-10 12:44:50 [ThreadId 3] ERROR phoityne - "error: * Variable not in scope: boards :: [a] * Perhaps you meant one of these: boards' (<no location info>), `words' (imported from Prelude)"
2021-12-10 12:44:50 [ThreadId 3] ERROR phoityne - "error: Variable not in scope: n"
2021-12-10 12:45:09 [ThreadId 3] ERROR phoityne - "error: * Variable not in scope: boards * Perhaps you meant one of these: boards' (<no location info>), `words' (imported from Prelude)"
2021-12-10 12:45:09 [ThreadId 3] ERROR phoityne - "error: * Variable not in scope: boards :: [a] * Perhaps you meant one of these: boards' (<no location info>), `words' (imported from Prelude)"
2021-12-10 12:45:09 [ThreadId 3] ERROR phoityne - "error: Variable not in scope: n"
2021-12-10 12:45:33 [ThreadId 3] ERROR phoityne - "error: * Variable not in scope: boards * Perhaps you meant one of these: boards' (<no location info>), `words' (imported from Prelude)"
2021-12-10 12:45:33 [ThreadId 3] ERROR phoityne - "error: * Variable not in scope: boards :: [a] * Perhaps you meant one of these: boards' (<no location info>), `words' (imported from Prelude)"
2021-12-10 12:45:33 [ThreadId 3] ERROR phoityne - "error: Variable not in scope: n"
2021-12-10 12:45:58 [ThreadId 3] ERROR phoityne - "error: * Variable not in scope: boards * Perhaps you meant one of these: boards' (<no location info>), `words' (imported from Prelude)"
2021-12-10 12:45:58 [ThreadId 3] ERROR phoityne - "error: * Variable not in scope: boards :: [a] * Perhaps you meant one of these: boards' (<no location info>), `words' (imported from Prelude)"
2021-12-10 12:45:58 [ThreadId 3] ERROR phoityne - "error: Variable not in scope: n"
2021-12-10 12:46:26 [ThreadId 3] ERROR phoityne - "error: * Variable not in scope: boards * Perhaps you meant one of these: boards' (<no location info>), `words' (imported from Prelude)"
2021-12-10 12:46:26 [ThreadId 3] ERROR phoityne - "error: * Variable not in scope: boards :: [a] * Perhaps you meant one of these: boards' (<no location info>), `words' (imported from Prelude)"
2021-12-10 12:46:26 [ThreadId 3] ERROR phoityne - "error: Variable not in scope: n"
2021-12-10 12:46:51 [ThreadId 3] ERROR phoityne - "error: * Variable not in scope: boards * Perhaps you meant one of these: boards' (<no location info>), `words' (imported from Prelude)"
2021-12-10 12:46:51 [ThreadId 3] ERROR phoityne - "error: * Variable not in scope: boards :: [a] * Perhaps you meant one of these: boards' (<no location info>), `words' (imported from Prelude)"
2021-12-10 12:46:51 [ThreadId 3] ERROR phoityne - "error: Variable not in scope: n"
2021-12-10 12:47:14 [ThreadId 3] ERROR phoityne - "error: * Variable not in scope: boards * Perhaps you meant one of these: boards' (<no location info>), `words' (imported from Prelude)"
2021-12-10 12:47:14 [ThreadId 3] ERROR phoityne - "error: * Variable not in scope: boards :: [a] * Perhaps you meant one of these: boards' (<no location info>), `words' (imported from Prelude)"
2021-12-10 12:47:14 [ThreadId 3] ERROR phoityne - "error: Variable not in scope: n"
2021-12-10 12:47:30 [ThreadId 3] ERROR phoityne - "error: * Variable not in scope: boards * Perhaps you meant one of these: boards' (<no location info>), `words' (imported from Prelude)"
2021-12-10 12:47:30 [ThreadId 3] ERROR phoityne - "error: * Variable not in scope: boards :: [a] * Perhaps you meant one of these: boards' (<no location info>), `words' (imported from Prelude)"
2021-12-10 12:47:30 [ThreadId 3] ERROR phoityne - "error: Variable not in scope: n"
2021-12-10 12:48:18 [ThreadId 3] ERROR phoityne - "error: * Variable not in scope: boards * Perhaps you meant one of these: boards' (<no location info>), `words' (imported from Prelude)"
2021-12-10 12:48:18 [ThreadId 3] ERROR phoityne - "error: * Variable not in scope: boards :: [a] * Perhaps you meant one of these: boards' (<no location info>), `words' (imported from Prelude)"
2021-12-10 12:48:18 [ThreadId 3] ERROR phoityne - "error: Variable not in scope: n"
2021-12-10 12:48:39 [ThreadId 3] ERROR phoityne - "error: * Variable not in scope: boards * Perhaps you meant one of these: boards' (<no location info>), `words' (imported from Prelude)"
2021-12-10 12:48:39 [ThreadId 3] ERROR phoityne - "error: * Variable not in scope: boards :: [a] * Perhaps you meant one of these: boards' (<no location info>), `words' (imported from Prelude)"
2021-12-10 12:48:39 [ThreadId 3] ERROR phoityne - "error: Variable not in scope: n"
2021-12-10 12:48:59 [ThreadId 3] ERROR phoityne - "error: * Variable not in scope: boards * Perhaps you meant one of these: boards' (<no location info>), `words' (imported from Prelude)"
2021-12-10 12:48:59 [ThreadId 3] ERROR phoityne - "error: * Variable not in scope: boards :: [a] * Perhaps you meant one of these: boards' (<no location info>), `words' (imported from Prelude)"
2021-12-10 12:48:59 [ThreadId 3] ERROR phoityne - "error: Variable not in scope: n"
2021-12-10 12:49:18 [ThreadId 3] ERROR phoityne - "error: * Variable not in scope: boards * Perhaps you meant one of these: boards' (<no location info>), `words' (imported from Prelude)"
2021-12-10 12:49:18 [ThreadId 3] ERROR phoityne - "error: * Variable not in scope: boards :: [a] * Perhaps you meant one of these: boards' (<no location info>), `words' (imported from Prelude)"
2021-12-10 12:49:18 [ThreadId 3] ERROR phoityne - "error: Variable not in scope: n"
2021-12-10 12:49:30 [ThreadId 3] ERROR phoityne - "error: * Variable not in scope: boards * Perhaps you meant one of these: boards' (<no location info>), `words' (imported from Prelude)"
2021-12-10 12:49:30 [ThreadId 3] ERROR phoityne - "error: * Variable not in scope: boards :: [a] * Perhaps you meant one of these: boards' (<no location info>), `words' (imported from Prelude)"
2021-12-10 12:49:30 [ThreadId 3] ERROR phoityne - "error: Variable not in scope: n"
2021-12-10 12:49:59 [ThreadId 3] ERROR phoityne - "error: * Variable not in scope: boards * Perhaps you meant one of these: boards' (<no location info>), `words' (imported from Prelude)"
2021-12-10 12:49:59 [ThreadId 3] ERROR phoityne - "error: * Variable not in scope: boards :: [a] * Perhaps you meant one of these: boards' (<no location info>), `words' (imported from Prelude)"
2021-12-10 12:49:59 [ThreadId 3] ERROR phoityne - "error: Variable not in scope: n"
2021-12-10 12:50:16 [ThreadId 3] ERROR phoityne - "error: * Variable not in scope: boards * Perhaps you meant one of these: boards' (<no location info>), `words' (imported from Prelude)"
2021-12-10 12:50:16 [ThreadId 3] ERROR phoityne - "error: * Variable not in scope: boards :: [a] * Perhaps you meant one of these: boards' (<no location info>), `words' (imported from Prelude)"
2021-12-10 12:50:16 [ThreadId 3] ERROR phoityne - "error: Variable not in scope: n"
2021-12-10 12:50:27 [ThreadId 3] ERROR phoityne - "error: * Variable not in scope: boards * Perhaps you meant one of these: boards' (<no location info>), `words' (imported from Prelude)"
2021-12-10 12:50:27 [ThreadId 3] ERROR phoityne - "error: * Variable not in scope: boards :: [a] * Perhaps you meant one of these: boards' (<no location info>), `words' (imported from Prelude)"
2021-12-10 12:50:27 [ThreadId 3] ERROR phoityne - "error: Variable not in scope: n"
2021-12-10 12:50:40 [ThreadId 3] ERROR phoityne - "error: * Variable not in scope: boards * Perhaps you meant one of these: boards' (<no location info>), `words' (imported from Prelude)"
2021-12-10 12:50:40 [ThreadId 3] ERROR phoityne - "error: * Variable not in scope: boards :: [a] * Perhaps you meant one of these: boards' (<no location info>), `words' (imported from Prelude)"
2021-12-10 12:50:40 [ThreadId 3] ERROR phoityne - "error: Variable not in scope: n"
2021-12-10 12:50:53 [ThreadId 3] ERROR phoityne - "error: * Variable not in scope: boards * Perhaps you meant one of these: boards' (<no location info>), `words' (imported from Prelude)"
2021-12-10 12:50:53 [ThreadId 3] ERROR phoityne - "error: * Variable not in scope: boards :: [a] * Perhaps you meant one of these: boards' (<no location info>), `words' (imported from Prelude)"
2021-12-10 12:50:53 [ThreadId 3] ERROR phoityne - "error: Variable not in scope: n"
2021-12-10 12:51:07 [ThreadId 3] ERROR phoityne - "error: * Variable not in scope: boards * Perhaps you meant one of these: boards' (<no location info>), `words' (imported from Prelude)"
2021-12-10 12:51:07 [ThreadId 3] ERROR phoityne - "error: * Variable not in scope: boards :: [a] * Perhaps you meant one of these: boards' (<no location info>), `words' (imported from Prelude)"
2021-12-10 12:51:07 [ThreadId 3] ERROR phoityne - "error: Variable not in scope: n"
2021-12-10 12:51:22 [ThreadId 3] ERROR phoityne - "error: * Variable not in scope: boards * Perhaps you meant one of these: boards' (<no location info>), `words' (imported from Prelude)"
2021-12-10 12:51:22 [ThreadId 3] ERROR phoityne - "error: * Variable not in scope: boards :: [a] * Perhaps you meant one of these: boards' (<no location info>), `words' (imported from Prelude)"
2021-12-10 12:51:22 [ThreadId 3] ERROR phoityne - "error: Variable not in scope: n"
2021-12-10 12:51:31 [ThreadId 3] ERROR phoityne - "error: * Variable not in scope: boards * Perhaps you meant one of these: boards' (<no location info>), `words' (imported from Prelude)"
2021-12-10 12:51:31 [ThreadId 3] ERROR phoityne - "error: * Variable not in scope: boards :: [a] * Perhaps you meant one of these: boards' (<no location info>), `words' (imported from Prelude)"
2021-12-10 12:51:31 [ThreadId 3] ERROR phoityne - "error: Variable not in scope: n"
2021-12-10 12:52:36 [ThreadId 3] ERROR phoityne - "error: * Variable not in scope: boards * Perhaps you meant one of these: boards' (<no location info>), `words' (imported from Prelude)"
2021-12-10 12:52:36 [ThreadId 3] ERROR phoityne - "error: * Variable not in scope: boards :: [a] * Perhaps you meant one of these: boards' (<no location info>), `words' (imported from Prelude)"
2021-12-10 12:52:36 [ThreadId 3] ERROR phoityne - "error: Variable not in scope: n"
2021-12-10 12:52:50 [ThreadId 3] ERROR phoityne - "error: * Variable not in scope: boards * Perhaps you meant one of these: boards' (<no location info>), `words' (imported from Prelude)"
2021-12-10 12:52:50 [ThreadId 3] ERROR phoityne - "error: * Variable not in scope: boards :: [a] * Perhaps you meant one of these: boards' (<no location info>), `words' (imported from Prelude)"
2021-12-10 12:52:50 [ThreadId 3] ERROR phoityne - "error: Variable not in scope: n"
2021-12-10 12:53:09 [ThreadId 3] ERROR phoityne - "error: * Variable not in scope: boards * Perhaps you meant one of these: boards' (<no location info>), `words' (imported from Prelude)"
2021-12-10 12:53:09 [ThreadId 3] ERROR phoityne - "error: * Variable not in scope: boards :: [a] * Perhaps you meant one of these: boards' (<no location info>), `words' (imported from Prelude)"
2021-12-10 12:53:09 [ThreadId 3] ERROR phoityne - "error: Variable not in scope: n"
2021-12-10 12:53:24 [ThreadId 3] ERROR phoityne - "error: * Variable not in scope: boards * Perhaps you meant one of these: boards' (<no location info>), `words' (imported from Prelude)"
2021-12-10 12:53:24 [ThreadId 3] ERROR phoityne - "error: * Variable not in scope: boards :: [a] * Perhaps you meant one of these: boards' (<no location info>), `words' (imported from Prelude)"
2021-12-10 12:53:24 [ThreadId 3] ERROR phoityne - "error: Variable not in scope: n"
2021-12-10 12:53:36 [ThreadId 3] ERROR phoityne - "error: * Variable not in scope: boards * Perhaps you meant one of these: boards' (<no location info>), `words' (imported from Prelude)"
2021-12-10 12:53:36 [ThreadId 3] ERROR phoityne - "error: * Variable not in scope: boards :: [a] * Perhaps you meant one of these: boards' (<no location info>), `words' (imported from Prelude)"
2021-12-10 12:53:36 [ThreadId 3] ERROR phoityne - "error: Variable not in scope: n"
2021-12-10 12:53:46 [ThreadId 3] ERROR phoityne - "error: * Variable not in scope: boards * Perhaps you meant one of these: boards' (<no location info>), `words' (imported from Prelude)"
2021-12-10 12:53:46 [ThreadId 3] ERROR phoityne - "error: * Variable not in scope: boards :: [a] * Perhaps you meant one of these: boards' (<no location info>), `words' (imported from Prelude)"
2021-12-10 12:53:46 [ThreadId 3] ERROR phoityne - "error: Variable not in scope: n"
2021-12-10 12:53:58 [ThreadId 3] ERROR phoityne - "error: * Variable not in scope: boards * Perhaps you meant one of these: boards' (<no location info>), `words' (imported from Prelude)"
2021-12-10 12:53:58 [ThreadId 3] ERROR phoityne - "error: * Variable not in scope: boards :: [a] * Perhaps you meant one of these: boards' (<no location info>), `words' (imported from Prelude)"
2021-12-10 12:53:58 [ThreadId 3] ERROR phoityne - "error: Variable not in scope: n"
2021-12-10 12:54:26 [ThreadId 3] ERROR phoityne - "error: * Variable not in scope: boards * Perhaps you meant one of these: boards' (<no location info>), `words' (imported from Prelude)"
2021-12-10 12:54:26 [ThreadId 3] ERROR phoityne - "error: * Variable not in scope: boards :: [a] * Perhaps you meant one of these: boards' (<no location info>), `words' (imported from Prelude)"
2021-12-10 12:54:26 [ThreadId 3] ERROR phoityne - "error: Variable not in scope: n"
2021-12-10 12:54:52 [ThreadId 3] ERROR phoityne - "error: * Variable not in scope: boards * Perhaps you meant one of these: boards' (<no location info>), `words' (imported from Prelude)"
2021-12-10 12:54:52 [ThreadId 3] ERROR phoityne - "error: * Variable not in scope: boards :: [a] * Perhaps you meant one of these: boards' (<no location info>), `words' (imported from Prelude)"
2021-12-10 12:54:52 [ThreadId 3] ERROR phoityne - "error: Variable not in scope: n"
2021-12-10 12:55:02 [ThreadId 3] ERROR phoityne - "error: * Variable not in scope: boards * Perhaps you meant one of these: boards' (<no location info>), `words' (imported from Prelude)"
2021-12-10 12:55:02 [ThreadId 3] ERROR phoityne - "error: * Variable not in scope: boards :: [a] * Perhaps you meant one of these: boards' (<no location info>), `words' (imported from Prelude)"
2021-12-10 12:55:02 [ThreadId 3] ERROR phoityne - "error: Variable not in scope: n"
2021-12-10 12:59:43 [ThreadId 3] ERROR phoityne - "error: * Variable not in scope: boards * Perhaps you meant one of these: boards' (<no location info>), `words' (imported from Prelude)"
2021-12-10 12:59:43 [ThreadId 3] ERROR phoityne - "error: * Variable not in scope: boards :: [a] * Perhaps you meant one of these: boards' (<no location info>), `words' (imported from Prelude)"
2021-12-10 12:59:43 [ThreadId 3] ERROR phoityne - "error: Variable not in scope: n"
2021-12-10 12:59:51 [ThreadId 3] ERROR phoityne - "error: * Variable not in scope: boards * Perhaps you meant one of these: boards' (<no location info>), `words' (imported from Prelude)"
2021-12-10 12:59:51 [ThreadId 3] ERROR phoityne - "error: * Variable not in scope: boards :: [a] * Perhaps you meant one of these: boards' (<no location info>), `words' (imported from Prelude)"
2021-12-10 12:59:51 [ThreadId 3] ERROR phoityne - "error: Variable not in scope: n"
2021-12-10 13:00:00 [ThreadId 3] ERROR phoityne - "error: * Variable not in scope: boards * Perhaps you meant one of these: boards' (<no location info>), `words' (imported from Prelude)"
2021-12-10 13:00:00 [ThreadId 3] ERROR phoityne - "error: * Variable not in scope: boards :: [a] * Perhaps you meant one of these: boards' (<no location info>), `words' (imported from Prelude)"
2021-12-10 13:00:00 [ThreadId 3] ERROR phoityne - "error: Variable not in scope: n"
2021-12-10 13:00:09 [ThreadId 3] ERROR phoityne - "error: * Variable not in scope: boards * Perhaps you meant one of these: boards' (<no location info>), `words' (imported from Prelude)"
2021-12-10 13:00:09 [ThreadId 3] ERROR phoityne - "error: * Variable not in scope: boards :: [a] * Perhaps you meant one of these: boards' (<no location info>), `words' (imported from Prelude)"
2021-12-10 13:00:09 [ThreadId 3] ERROR phoityne - "error: Variable not in scope: n"
2021-12-10 13:00:20 [ThreadId 3] ERROR phoityne - "error: * Variable not in scope: boards * Perhaps you meant one of these: boards' (<no location info>), `words' (imported from Prelude)"
2021-12-10 13:00:20 [ThreadId 3] ERROR phoityne - "error: * Variable not in scope: boards :: [a] * Perhaps you meant one of these: boards' (<no location info>), `words' (imported from Prelude)"
2021-12-10 13:00:20 [ThreadId 3] ERROR phoityne - "error: Variable not in scope: n"
2021-12-10 13:00:29 [ThreadId 3] ERROR phoityne - "error: * Variable not in scope: boards * Perhaps you meant one of these: boards' (<no location info>), `words' (imported from Prelude)"
2021-12-10 13:00:29 [ThreadId 3] ERROR phoityne - "error: * Variable not in scope: boards :: [a] * Perhaps you meant one of these: boards' (<no location info>), `words' (imported from Prelude)"
2021-12-10 13:00:29 [ThreadId 3] ERROR phoityne - "error: Variable not in scope: n"
2021-12-10 13:00:35 [ThreadId 3] ERROR phoityne - "error: * Variable not in scope: boards * Perhaps you meant one of these: boards' (<no location info>), `words' (imported from Prelude)"
2021-12-10 13:00:35 [ThreadId 3] ERROR phoityne - "error: * Variable not in scope: boards :: [a] * Perhaps you meant one of these: boards' (<no location info>), `words' (imported from Prelude)"
2021-12-10 13:00:35 [ThreadId 3] ERROR phoityne - "error: Variable not in scope: n"
2021-12-10 13:00:41 [ThreadId 3] ERROR phoityne - "error: * Variable not in scope: boards * Perhaps you meant one of these: boards' (<no location info>), `words' (imported from Prelude)"
2021-12-10 13:00:41 [ThreadId 3] ERROR phoityne - "error: * Variable not in scope: boards :: [a] * Perhaps you meant one of these: boards' (<no location info>), `words' (imported from Prelude)"
2021-12-10 13:00:41 [ThreadId 3] ERROR phoityne - "error: Variable not in scope: n"
2021-12-10 13:00:52 [ThreadId 3] ERROR phoityne - "error: * Variable not in scope: boards * Perhaps you meant one of these: boards' (<no location info>), `words' (imported from Prelude)"
2021-12-10 13:00:52 [ThreadId 3] ERROR phoityne - "error: * Variable not in scope: boards :: [a] * Perhaps you meant one of these: boards' (<no location info>), `words' (imported from Prelude)"
2021-12-10 13:00:52 [ThreadId 3] ERROR phoityne - "error: Variable not in scope: n"
2021-12-10 13:01:01 [ThreadId 3] ERROR phoityne - "error: * Variable not in scope: boards * Perhaps you meant one of these: boards' (<no location info>), `words' (imported from Prelude)"
2021-12-10 13:01:01 [ThreadId 3] ERROR phoityne - "error: * Variable not in scope: boards :: [a] * Perhaps you meant one of these: boards' (<no location info>), `words' (imported from Prelude)"
2021-12-10 13:01:01 [ThreadId 3] ERROR phoityne - "error: Variable not in scope: n"
2021-12-10 13:01:24 [ThreadId 3] ERROR phoityne - "error: * Variable not in scope: boards * Perhaps you meant one of these: boards' (<no location info>), `words' (imported from Prelude)"
2021-12-10 13:01:24 [ThreadId 3] ERROR phoityne - "error: * Variable not in scope: boards :: [a] * Perhaps you meant one of these: boards' (<no location info>), `words' (imported from Prelude)"
2021-12-10 13:01:24 [ThreadId 3] ERROR phoityne - "error: Variable not in scope: n"
2021-12-10 13:01:46 [ThreadId 3] ERROR phoityne - "error: * Variable not in scope: boards * Perhaps you meant one of these: boards' (<no location info>), `words' (imported from Prelude)"
2021-12-10 13:01:46 [ThreadId 3] ERROR phoityne - "error: * Variable not in scope: boards :: [a] * Perhaps you meant one of these: boards' (<no location info>), `words' (imported from Prelude)"
2021-12-10 13:01:46 [ThreadId 3] ERROR phoityne - "error: Variable not in scope: n"
2021-12-10 13:01:56 [ThreadId 3] ERROR phoityne - "error: * Variable not in scope: boards * Perhaps you meant one of these: boards' (<no location info>), `words' (imported from Prelude)"
2021-12-10 13:01:56 [ThreadId 3] ERROR phoityne - "error: * Variable not in scope: boards :: [a] * Perhaps you meant one of these: boards' (<no location info>), `words' (imported from Prelude)"
2021-12-10 13:01:56 [ThreadId 3] ERROR phoityne - "error: Variable not in scope: n"
2021-12-10 13:02:08 [ThreadId 3] ERROR phoityne - "error: * Variable not in scope: boards * Perhaps you meant one of these: boards' (<no location info>), `words' (imported from Prelude)"
2021-12-10 13:02:08 [ThreadId 3] ERROR phoityne - "error: * Variable not in scope: boards :: [a] * Perhaps you meant one of these: boards' (<no location info>), `words' (imported from Prelude)"
2021-12-10 13:02:08 [ThreadId 3] ERROR phoityne - "error: Variable not in scope: n"
2021-12-10 13:02:21 [ThreadId 3] ERROR phoityne - "error: * Variable not in scope: boards * Perhaps you meant one of these: boards' (<no location info>), `words' (imported from Prelude)"
2021-12-10 13:02:21 [ThreadId 3] ERROR phoityne - "error: * Variable not in scope: boards :: [a] * Perhaps you meant one of these: boards' (<no location info>), `words' (imported from Prelude)"
2021-12-10 13:02:21 [ThreadId 3] ERROR phoityne - "error: Variable not in scope: n"
2021-12-10 13:02:29 [ThreadId 3] ERROR phoityne - "error: * Variable not in scope: boards * Perhaps you meant one of these: boards' (<no location info>), `words' (imported from Prelude)"
2021-12-10 13:02:29 [ThreadId 3] ERROR phoityne - "error: * Variable not in scope: boards :: [a] * Perhaps you meant one of these: boards' (<no location info>), `words' (imported from Prelude)"
2021-12-10 13:02:29 [ThreadId 3] ERROR phoityne - "error: Variable not in scope: n"
2021-12-10 13:02:34 [ThreadId 3] ERROR phoityne - "error: * Variable not in scope: boards * Perhaps you meant one of these: boards' (<no location info>), `words' (imported from Prelude)"
2021-12-10 13:02:34 [ThreadId 3] ERROR phoityne - "error: * Variable not in scope: boards :: [a] * Perhaps you meant one of these: boards' (<no location info>), `words' (imported from Prelude)"
2021-12-10 13:02:34 [ThreadId 3] ERROR phoityne - "error: Variable not in scope: n"
2021-12-10 13:02:42 [ThreadId 3] ERROR phoityne - "error: * Variable not in scope: boards * Perhaps you meant one of these: boards' (<no location info>), `words' (imported from Prelude)"
2021-12-10 13:02:42 [ThreadId 3] ERROR phoityne - "error: * Variable not in scope: boards :: [a] * Perhaps you meant one of these: boards' (<no location info>), `words' (imported from Prelude)"
2021-12-10 13:02:42 [ThreadId 3] ERROR phoityne - "error: Variable not in scope: n"
2021-12-10 13:02:52 [ThreadId 3] ERROR phoityne - "error: * Variable not in scope: boards * Perhaps you meant one of these: boards' (<no location info>), `words' (imported from Prelude)"
2021-12-10 13:02:52 [ThreadId 3] ERROR phoityne - "error: * Variable not in scope: boards :: [a] * Perhaps you meant one of these: boards' (<no location info>), `words' (imported from Prelude)"
2021-12-10 13:02:52 [ThreadId 3] ERROR phoityne - "error: Variable not in scope: n"
2021-12-10 13:03:03 [ThreadId 3] ERROR phoityne - "error: * Variable not in scope: boards * Perhaps you meant one of these: boards' (<no location info>), `words' (imported from Prelude)"
2021-12-10 13:03:03 [ThreadId 3] ERROR phoityne - "error: * Variable not in scope: boards :: [a] * Perhaps you meant one of these: boards' (<no location info>), `words' (imported from Prelude)"
2021-12-10 13:03:03 [ThreadId 3] ERROR phoityne - "error: Variable not in scope: n"
2021-12-10 13:03:11 [ThreadId 3] ERROR phoityne - "error: * Variable not in scope: boards * Perhaps you meant one of these: boards' (<no location info>), `words' (imported from Prelude)"
2021-12-10 13:03:11 [ThreadId 3] ERROR phoityne - "error: * Variable not in scope: boards :: [a] * Perhaps you meant one of these: boards' (<no location info>), `words' (imported from Prelude)"
2021-12-10 13:03:11 [ThreadId 3] ERROR phoityne - "error: Variable not in scope: n"
2021-12-10 13:03:22 [ThreadId 3] ERROR phoityne - "error: * Variable not in scope: boards * Perhaps you meant one of these: boards' (<no location info>), `words' (imported from Prelude)"
2021-12-10 13:03:22 [ThreadId 3] ERROR phoityne - "error: * Variable not in scope: boards :: [a] * Perhaps you meant one of these: boards' (<no location info>), `words' (imported from Prelude)"
2021-12-10 13:03:22 [ThreadId 3] ERROR phoityne - "error: Variable not in scope: n"
2021-12-10 13:03:28 [ThreadId 3] ERROR phoityne - "error: * Variable not in scope: boards * Perhaps you meant one of these: boards' (<no location info>), `words' (imported from Prelude)"
2021-12-10 13:03:28 [ThreadId 3] ERROR phoityne - "error: * Variable not in scope: boards :: [a] * Perhaps you meant one of these: boards' (<no location info>), `words' (imported from Prelude)"
2021-12-10 13:03:28 [ThreadId 3] ERROR phoityne - "error: Variable not in scope: n"
2021-12-10 13:03:39 [ThreadId 3] ERROR phoityne - "error: * Variable not in scope: boards * Perhaps you meant one of these: boards' (<no location info>), `words' (imported from Prelude)"
2021-12-10 13:03:39 [ThreadId 3] ERROR phoityne - "error: * Variable not in scope: boards :: [a] * Perhaps you meant one of these: boards' (<no location info>), `words' (imported from Prelude)"
2021-12-10 13:03:39 [ThreadId 3] ERROR phoityne - "error: Variable not in scope: n"
2021-12-10 13:03:49 [ThreadId 3] ERROR phoityne - "error: * Variable not in scope: boards * Perhaps you meant one of these: boards' (<no location info>), `words' (imported from Prelude)"
2021-12-10 13:03:49 [ThreadId 3] ERROR phoityne - "error: * Variable not in scope: boards :: [a] * Perhaps you meant one of these: boards' (<no location info>), `words' (imported from Prelude)"
2021-12-10 13:03:49 [ThreadId 3] ERROR phoityne - "error: Variable not in scope: n"
2021-12-10 13:06:35 [ThreadId 3] ERROR phoityne - "error: parse error on input `::'"
2021-12-10 13:06:37 [ThreadId 3] ERROR phoityne - "error: * Variable not in scope: boards * Perhaps you meant one of these: boards' (<no location info>), `words' (imported from Prelude)"
2021-12-10 13:06:37 [ThreadId 3] ERROR phoityne - "error: * Variable not in scope: boards :: [a] * Perhaps you meant one of these: boards' (<no location info>), `words' (imported from Prelude)"
2021-12-10 13:06:37 [ThreadId 3] ERROR phoityne - "error: Variable not in scope: n"
2021-12-10 13:06:48 [ThreadId 3] ERROR phoityne - "error: * Variable not in scope: boards * Perhaps you meant one of these: boards' (<no location info>), `words' (imported from Prelude)"
2021-12-10 13:06:48 [ThreadId 3] ERROR phoityne - "error: * Variable not in scope: boards :: [a] * Perhaps you meant one of these: boards' (<no location info>), `words' (imported from Prelude)"
2021-12-10 13:06:48 [ThreadId 3] ERROR phoityne - "error: Variable not in scope: n"
2021-12-10 13:06:56 [ThreadId 3] ERROR phoityne - "error: * Variable not in scope: boards * Perhaps you meant one of these: boards' (<no location info>), `words' (imported from Prelude)"
2021-12-10 13:06:56 [ThreadId 3] ERROR phoityne - "error: * Variable not in scope: boards :: [a] * Perhaps you meant one of these: boards' (<no location info>), `words' (imported from Prelude)"
2021-12-10 13:06:56 [ThreadId 3] ERROR phoityne - "error: Variable not in scope: n"
2021-12-10 13:07:39 [ThreadId 3] ERROR phoityne - "error: * Variable not in scope: boards * Perhaps you meant one of these: boards' (<no location info>), `words' (imported from Prelude)"
2021-12-10 13:07:39 [ThreadId 3] ERROR phoityne - "error: * Variable not in scope: boards :: [a] * Perhaps you meant one of these: boards' (<no location info>), `words' (imported from Prelude)"
2021-12-10 13:07:39 [ThreadId 3] ERROR phoityne - "error: Variable not in scope: n"
2021-12-10 13:07:45 [ThreadId 3] ERROR phoityne - "error: * Variable not in scope: boards * Perhaps you meant one of these: boards' (<no location info>), `words' (imported from Prelude)"
2021-12-10 13:07:45 [ThreadId 3] ERROR phoityne - "error: * Variable not in scope: boards :: [a] * Perhaps you meant one of these: boards' (<no location info>), `words' (imported from Prelude)"
2021-12-10 13:07:45 [ThreadId 3] ERROR phoityne - "error: Variable not in scope: n"
2021-12-10 13:08:15 [ThreadId 3] ERROR phoityne - "error: * Variable not in scope: boards * Perhaps you meant one of these: boards' (<no location info>), `words' (imported from Prelude)"
2021-12-10 13:08:15 [ThreadId 3] ERROR phoityne - "error: * Variable not in scope: boards :: [a] * Perhaps you meant one of these: boards' (<no location info>), `words' (imported from Prelude)"
2021-12-10 13:08:15 [ThreadId 3] ERROR phoityne - "error: Variable not in scope: n"
2021-12-10 13:08:24 [ThreadId 3] ERROR phoityne - "error: * Variable not in scope: boards * Perhaps you meant one of these: boards' (<no location info>), `words' (imported from Prelude)"
2021-12-10 13:08:24 [ThreadId 3] ERROR phoityne - "error: * Variable not in scope: boards :: [a] * Perhaps you meant one of these: boards' (<no location info>), `words' (imported from Prelude)"
2021-12-10 13:08:24 [ThreadId 3] ERROR phoityne - "error: Variable not in scope: n"
2021-12-10 13:08:29 [ThreadId 3] ERROR phoityne - "error: * Variable not in scope: boards * Perhaps you meant one of these: boards' (<no location info>), `words' (imported from Prelude)"
2021-12-10 13:08:29 [ThreadId 3] ERROR phoityne - "error: * Variable not in scope: boards :: [a] * Perhaps you meant one of these: boards' (<no location info>), `words' (imported from Prelude)"
2021-12-10 13:08:29 [ThreadId 3] ERROR phoityne - "error: Variable not in scope: n"
2021-12-10 13:08:35 [ThreadId 3] ERROR phoityne - "error: * Variable not in scope: boards * Perhaps you meant one of these: boards' (<no location info>), `words' (imported from Prelude)"
2021-12-10 13:08:35 [ThreadId 3] ERROR phoityne - "error: * Variable not in scope: boards :: [a] * Perhaps you meant one of these: boards' (<no location info>), `words' (imported from Prelude)"
2021-12-10 13:08:35 [ThreadId 3] ERROR phoityne - "error: Variable not in scope: n"
2021-12-10 13:08:45 [ThreadId 3] ERROR phoityne - "error: * Variable not in scope: boards * Perhaps you meant one of these: boards' (<no location info>), `words' (imported from Prelude)"
2021-12-10 13:08:45 [ThreadId 3] ERROR phoityne - "error: * Variable not in scope: boards :: [a] * Perhaps you meant one of these: boards' (<no location info>), `words' (imported from Prelude)"
2021-12-10 13:08:45 [ThreadId 3] ERROR phoityne - "error: Variable not in scope: n"
2021-12-10 13:08:54 [ThreadId 3] ERROR phoityne - "error: * Variable not in scope: boards * Perhaps you meant one of these: boards' (<no location info>), `words' (imported from Prelude)"
2021-12-10 13:08:54 [ThreadId 3] ERROR phoityne - "error: * Variable not in scope: boards :: [a] * Perhaps you meant one of these: boards' (<no location info>), `words' (imported from Prelude)"
2021-12-10 13:08:54 [ThreadId 3] ERROR phoityne - "error: Variable not in scope: n"
2021-12-10 13:09:04 [ThreadId 3] ERROR phoityne - "error: * Variable not in scope: boards * Perhaps you meant one of these: boards' (<no location info>), `words' (imported from Prelude)"
2021-12-10 13:09:04 [ThreadId 3] ERROR phoityne - "error: * Variable not in scope: boards :: [a] * Perhaps you meant one of these: boards' (<no location info>), `words' (imported from Prelude)"
2021-12-10 13:09:04 [ThreadId 3] ERROR phoityne - "error: Variable not in scope: n"
2021-12-10 13:09:09 [ThreadId 3] ERROR phoityne - "error: * Variable not in scope: boards * Perhaps you meant one of these: boards' (<no location info>), `words' (imported from Prelude)"
2021-12-10 13:09:09 [ThreadId 3] ERROR phoityne - "error: * Variable not in scope: boards :: [a] * Perhaps you meant one of these: boards' (<no location info>), `words' (imported from Prelude)"
2021-12-10 13:09:09 [ThreadId 3] ERROR phoityne - "error: Variable not in scope: n"
2021-12-10 13:09:18 [ThreadId 3] ERROR phoityne - "error: * Variable not in scope: boards * Perhaps you meant one of these: boards' (<no location info>), `words' (imported from Prelude)"
2021-12-10 13:09:18 [ThreadId 3] ERROR phoityne - "error: * Variable not in scope: boards :: [a] * Perhaps you meant one of these: boards' (<no location info>), `words' (imported from Prelude)"
2021-12-10 13:09:18 [ThreadId 3] ERROR phoityne - "error: Variable not in scope: n"
2021-12-10 13:09:23 [ThreadId 3] ERROR phoityne - "error: * Variable not in scope: boards * Perhaps you meant one of these: boards' (<no location info>), `words' (imported from Prelude)"
2021-12-10 13:09:23 [ThreadId 3] ERROR phoityne - "error: * Variable not in scope: boards :: [a] * Perhaps you meant one of these: boards' (<no location info>), `words' (imported from Prelude)"
2021-12-10 13:09:23 [ThreadId 3] ERROR phoityne - "error: Variable not in scope: n"
2021-12-10 13:09:53 [ThreadId 3] ERROR phoityne - "error: * Variable not in scope: boards * Perhaps you meant one of these: boards' (<no location info>), `words' (imported from Prelude)"
2021-12-10 13:09:53 [ThreadId 3] ERROR phoityne - "error: * Variable not in scope: boards :: [a] * Perhaps you meant one of these: boards' (<no location info>), `words' (imported from Prelude)"
2021-12-10 13:09:53 [ThreadId 3] ERROR phoityne - "error: Variable not in scope: n"
2021-12-10 13:10:03 [ThreadId 3] ERROR phoityne - "error: * Variable not in scope: boards * Perhaps you meant one of these: boards' (<no location info>), `words' (imported from Prelude)"
2021-12-10 13:10:03 [ThreadId 3] ERROR phoityne - "error: * Variable not in scope: boards :: [a] * Perhaps you meant one of these: boards' (<no location info>), `words' (imported from Prelude)"
2021-12-10 13:10:03 [ThreadId 3] ERROR phoityne - "error: Variable not in scope: n"
2021-12-10 13:58:11 [ThreadId 3] ERROR phoityne - "error: * Variable not in scope: boards' * Perhaps you meant board' (<no location info>)"
2021-12-10 13:58:11 [ThreadId 3] ERROR phoityne - "error: * Variable not in scope: boards * Perhaps you meant one of these: board' (<no location info>), `words' (imported from Prelude)"
2021-12-10 13:58:11 [ThreadId 3] ERROR phoityne - "error: * Variable not in scope: boards :: [a] * Perhaps you meant one of these: board' (<no location info>), `words' (imported from Prelude)"
2021-12-13 10:51:33 [ThreadId 3] ERROR phoityne - "error: * Variable not in scope: board' * Perhaps you meant `board' (<no location info>)"
2021-12-13 10:51:39 [ThreadId 3] ERROR phoityne - "error: * Variable not in scope: board' * Perhaps you meant `board' (<no location info>)"
2021-12-13 10:51:42 [ThreadId 3] ERROR phoityne - "error: * Variable not in scope: board' * Perhaps you meant `board' (<no location info>)"
2021-12-13 10:53:06 [ThreadId 3] ERROR phoityne - "error: * Variable not in scope: board' * Perhaps you meant `board' (<no location info>)"
2021-12-13 10:53:07 [ThreadId 3] ERROR phoityne - "error: * Variable not in scope: board' * Perhaps you meant `board' (<no location info>)"
2021-12-13 10:53:08 [ThreadId 3] ERROR phoityne - "error: * Variable not in scope: board' * Perhaps you meant `board' (<no location info>)"
2021-12-13 10:53:09 [ThreadId 3] ERROR phoityne - "error: * Variable not in scope: board' * Perhaps you meant `board' (<no location info>)"
2021-12-13 10:53:10 [ThreadId 3] ERROR phoityne - "error: * Variable not in scope: board' * Perhaps you meant `board' (<no location info>)"
2021-12-13 10:53:10 [ThreadId 3] ERROR phoityne - "error: * Variable not in scope: board' * Perhaps you meant `board' (<no location info>)"
2021-12-13 10:53:11 [ThreadId 3] ERROR phoityne - "error: * Variable not in scope: board' * Perhaps you meant `board' (<no location info>)"
2021-12-13 10:53:12 [ThreadId 3] ERROR phoityne - "error: * Variable not in scope: board' * Perhaps you meant `board' (<no location info>)"
2021-12-13 10:53:13 [ThreadId 3] ERROR phoityne - "error: * Variable not in scope: board' * Perhaps you meant `board' (<no location info>)"
2021-12-13 10:53:14 [ThreadId 3] ERROR phoityne - "error: * Variable not in scope: board' * Perhaps you meant `board' (<no location info>)"
2021-12-13 10:53:15 [ThreadId 3] ERROR phoityne - "error: * Variable not in scope: board' * Perhaps you meant `board' (<no location info>)"
2021-12-13 10:53:16 [ThreadId 3] ERROR phoityne - "error: * Variable not in scope: board' * Perhaps you meant `board' (<no location info>)"
2021-12-13 11:40:57 [ThreadId 3] ERROR phoityne - "error: Variable not in scope: xStart"
2021-12-13 11:41:00 [ThreadId 3] ERROR phoityne - "error: Variable not in scope: board'"
2021-12-13 11:41:00 [ThreadId 3] ERROR phoityne - "error: Variable not in scope: board"
2021-12-13 11:41:02 [ThreadId 3] ERROR phoityne - "error: Variable not in scope: board'"
2021-12-13 11:41:02 [ThreadId 3] ERROR phoityne - "error: Variable not in scope: board"
2021-12-13 11:41:05 [ThreadId 3] ERROR phoityne - "error: Variable not in scope: board"
2021-12-14 12:23:33 [ThreadId 3] ERROR phoityne - "error: * Variable not in scope: ps * Perhaps you meant `pi' (imported from Prelude)"
2021-12-14 12:23:42 [ThreadId 3] ERROR phoityne - "error: * Variable not in scope: ps * Perhaps you meant `pi' (imported from Prelude)"
2021-12-14 12:23:49 [ThreadId 3] ERROR phoityne - "error: Data constructor not in scope: String"
2021-12-14 12:23:52 [ThreadId 3] ERROR phoityne - "error: Data constructor not in scope: Int"
2021-12-14 12:24:07 [ThreadId 3] ERROR phoityne - "error: * Variable not in scope: ps * Perhaps you meant `pi' (imported from Prelude)"
2021-12-14 12:24:11 [ThreadId 3] ERROR phoityne - "error: * Variable not in scope: ps * Perhaps you meant `pi' (imported from Prelude)"
2021-12-14 12:24:11 [ThreadId 3] ERROR phoityne - "error: * Variable not in scope: ps * Perhaps you meant `pi' (imported from Prelude)"
2021-12-14 12:24:12 [ThreadId 3] ERROR phoityne - "error: * Variable not in scope: ps * Perhaps you meant `pi' (imported from Prelude)"
2021-12-14 12:24:13 [ThreadId 3] ERROR phoityne - "error: * Variable not in scope: ps * Perhaps you meant `pi' (imported from Prelude)"
2021-12-14 12:24:15 [ThreadId 3] ERROR phoityne - "error: * Variable not in scope: ps * Perhaps you meant `pi' (imported from Prelude)"
2021-12-14 12:24:16 [ThreadId 3] ERROR phoityne - "error: * Variable not in scope: ps * Perhaps you meant `pi' (imported from Prelude)"
2021-12-14 12:24:41 [ThreadId 3] ERROR phoityne - "error: * Variable not in scope: ps * Perhaps you meant `pi' (imported from Prelude)"
2021-12-14 12:24:48 [ThreadId 3] ERROR phoityne - "error: * Variable not in scope: ps * Perhaps you meant `pi' (imported from Prelude)"
2021-12-14 12:25:04 [ThreadId 3] ERROR phoityne - "error: * Variable not in scope: ps * Perhaps you meant `pi' (imported from Prelude)"
2021-12-14 12:25:08 [ThreadId 3] ERROR phoityne - "error: * Variable not in scope: ps * Perhaps you meant `pi' (imported from Prelude)"
2021-12-14 12:25:52 [ThreadId 3] ERROR phoityne - "error: Variable not in scope: a"
2021-12-14 12:35:49 [ThreadId 3] ERROR phoityne - "error: Variable not in scope: a"
2021-12-14 12:36:01 [ThreadId 3] ERROR phoityne - "error: Variable not in scope: a"
2021-12-14 12:36:40 [ThreadId 3] ERROR phoityne - "error: Variable not in scope: a"
2021-12-14 12:36:59 [ThreadId 3] ERROR phoityne - "error: Variable not in scope: a"
2021-12-14 12:38:18 [ThreadId 3] ERROR phoityne - "error: Variable not in scope: initFish"
2021-12-15 10:55:18 [ThreadId 3] ERROR phoityne - "error: Variable not in scope: initFish"
2021-12-15 10:55:18 [ThreadId 3] ERROR phoityne - "error: Variable not in scope: spawningRates"
2021-12-15 10:55:22 [ThreadId 3] ERROR phoityne - "error: Variable not in scope: daysRemaining"
2021-12-15 10:55:31 [ThreadId 3] ERROR phoityne - "error: Variable not in scope: initFish"
2021-12-15 10:55:31 [ThreadId 3] ERROR phoityne - "error: Variable not in scope: spawningRates"
2021-12-15 10:55:32 [ThreadId 3] ERROR phoityne - "error: Variable not in scope: initFish"
2021-12-15 10:55:32 [ThreadId 3] ERROR phoityne - "error: Variable not in scope: spawningRates"
2021-12-15 10:55:33 [ThreadId 3] ERROR phoityne - "error: Variable not in scope: initFish"
2021-12-15 10:55:33 [ThreadId 3] ERROR phoityne - "error: Variable not in scope: spawningRates"
2021-12-15 10:55:33 [ThreadId 3] ERROR phoityne - "error: Variable not in scope: initFish"
2021-12-15 10:55:33 [ThreadId 3] ERROR phoityne - "error: Variable not in scope: spawningRates"
2021-12-15 10:55:34 [ThreadId 3] ERROR phoityne - "error: Variable not in scope: initFish"
2021-12-15 10:55:34 [ThreadId 3] ERROR phoityne - "error: Variable not in scope: spawningRates"
2021-12-15 10:55:35 [ThreadId 3] ERROR phoityne - "error: Variable not in scope: initFish"
2021-12-15 10:55:35 [ThreadId 3] ERROR phoityne - "error: Variable not in scope: spawningRates"
2021-12-15 10:55:35 [ThreadId 3] ERROR phoityne - "error: Variable not in scope: initFish"
2021-12-15 10:55:35 [ThreadId 3] ERROR phoityne - "error: Variable not in scope: spawningRates"
2021-12-15 10:55:36 [ThreadId 3] ERROR phoityne - "error: Variable not in scope: initFish"
2021-12-15 10:55:36 [ThreadId 3] ERROR phoityne - "error: Variable not in scope: spawningRates"
2021-12-15 10:55:36 [ThreadId 3] ERROR phoityne - "error: Variable not in scope: initFish"
2021-12-15 10:55:36 [ThreadId 3] ERROR phoityne - "error: Variable not in scope: spawningRates"
2021-12-15 10:55:37 [ThreadId 3] ERROR phoityne - "error: Variable not in scope: initFish"
2021-12-15 10:55:37 [ThreadId 3] ERROR phoityne - "error: Variable not in scope: spawningRates"
2021-12-15 10:55:38 [ThreadId 3] ERROR phoityne - "error: Variable not in scope: initFish"
2021-12-15 10:55:38 [ThreadId 3] ERROR phoityne - "error: Variable not in scope: spawningRates"
2021-12-15 10:55:38 [ThreadId 3] ERROR phoityne - "error: Variable not in scope: initFish"
2021-12-15 10:55:38 [ThreadId 3] ERROR phoityne - "error: Variable not in scope: spawningRates"
2021-12-15 10:55:38 [ThreadId 3] ERROR phoityne - "error: Variable not in scope: initFish"
2021-12-15 10:55:38 [ThreadId 3] ERROR phoityne - "error: Variable not in scope: spawningRates"
2021-12-15 10:56:51 [ThreadId 3] ERROR phoityne - "error: Variable not in scope: initFish"
2021-12-15 10:56:51 [ThreadId 3] ERROR phoityne - "error: Variable not in scope: spawningRates"
2021-12-15 10:56:55 [ThreadId 3] ERROR phoityne - "error: Variable not in scope: initFish"
2021-12-15 10:56:55 [ThreadId 3] ERROR phoityne - "error: Variable not in scope: spawningRates"
2021-12-15 10:57:02 [ThreadId 3] ERROR phoityne - "error: Variable not in scope: initFish"
2021-12-15 10:57:02 [ThreadId 3] ERROR phoityne - "error: Variable not in scope: spawningRates"
2021-12-15 10:57:06 [ThreadId 3] ERROR phoityne - "error: Variable not in scope: daysRemaining"
2021-12-15 10:57:10 [ThreadId 3] ERROR phoityne - "error: Variable not in scope: initFish"
2021-12-15 10:57:10 [ThreadId 3] ERROR phoityne - "error: Variable not in scope: spawningRates"
2021-12-15 10:59:18 [ThreadId 3] ERROR phoityne - "error: Variable not in scope: initFish"
2021-12-15 10:59:18 [ThreadId 3] ERROR phoityne - "error: Variable not in scope: spawningRates"
2021-12-15 10:59:25 [ThreadId 3] ERROR phoityne - "error: Variable not in scope: daysRemaining"
2021-12-15 10:59:49 [ThreadId 3] ERROR phoityne - "error: * Variable not in scope: result * Perhaps you meant `_result' (line 21)"
2021-12-15 10:59:49 [ThreadId 3] ERROR phoityne - "error: Variable not in scope: memo"
2021-12-15 11:00:26 [ThreadId 3] ERROR phoityne - "error: * Variable not in scope: result * Perhaps you meant `_result' (line 20)"
2021-12-15 11:00:26 [ThreadId 3] ERROR phoityne - "error: Variable not in scope: memo"
2021-12-15 11:00:37 [ThreadId 3] ERROR phoityne - "error: Variable not in scope: selfSpawns"
2021-12-15 11:00:45 [ThreadId 3] ERROR phoityne - "error: * Variable not in scope: result * Perhaps you meant `_result' (line 20)"
2021-12-15 11:00:45 [ThreadId 3] ERROR phoityne - "error: Variable not in scope: memo"
2021-12-15 11:02:43 [ThreadId 3] ERROR phoityne - "error: Variable not in scope: initFish"
2021-12-15 11:02:43 [ThreadId 3] ERROR phoityne - "error: Variable not in scope: spawningRates"
2021-12-15 11:02:43 [ThreadId 3] ERROR phoityne - "error: * Variable not in scope: result * Perhaps you meant `_result' (line 8)"
2021-12-15 11:02:54 [ThreadId 3] ERROR phoityne - "error: Variable not in scope: initFish"
2021-12-15 11:02:54 [ThreadId 3] ERROR phoityne - "error: Variable not in scope: spawningRates"
2021-12-15 11:02:54 [ThreadId 3] ERROR phoityne - "error: * Variable not in scope: result * Perhaps you meant `_result' (line 8)"
2021-12-15 11:02:59 [ThreadId 3] ERROR phoityne - "error: Variable not in scope: initFish"
2021-12-15 11:02:59 [ThreadId 3] ERROR phoityne - "error: Variable not in scope: spawningRates"
2021-12-15 11:02:59 [ThreadId 3] ERROR phoityne - "error: * Variable not in scope: result * Perhaps you meant `_result' (line 8)"
2021-12-15 11:05:07 [ThreadId 3] ERROR phoityne - "error: * Variable not in scope: result * Perhaps you meant `_result' (line 20)"
2021-12-15 11:05:07 [ThreadId 3] ERROR phoityne - "error: Variable not in scope: memo"
2021-12-15 11:05:07 [ThreadId 3] ERROR phoityne - "error: Variable not in scope: childSpawns"
2021-12-15 11:05:07 [ThreadId 3] ERROR phoityne - "error: Variable not in scope: selfSpawns"
2021-12-15 11:11:27 [ThreadId 3] ERROR phoityne - "error: * Variable not in scope: result * Perhaps you meant `_result' (line 20)"
2021-12-15 11:11:27 [ThreadId 3] ERROR phoityne - "error: Variable not in scope: memo"
2021-12-15 11:11:27 [ThreadId 3] ERROR phoityne - "error: Variable not in scope: childSpawns"
2021-12-15 11:11:27 [ThreadId 3] ERROR phoityne - "error: Variable not in scope: selfSpawns"
2021-12-15 11:12:08 [ThreadId 3] ERROR phoityne - "error: * Variable not in scope: result * Perhaps you meant `_result' (line 20)"
2021-12-15 11:12:08 [ThreadId 3] ERROR phoityne - "error: Variable not in scope: memo"
2021-12-15 11:12:08 [ThreadId 3] ERROR phoityne - "error: Variable not in scope: childSpawns"
2021-12-15 11:12:08 [ThreadId 3] ERROR phoityne - "error: Variable not in scope: selfSpawns"
2021-12-15 11:12:31 [ThreadId 3] ERROR phoityne - "error: * Variable not in scope: result * Perhaps you meant `_result' (line 20)"
2021-12-15 11:12:31 [ThreadId 3] ERROR phoityne - "error: Variable not in scope: memo"
2021-12-15 11:12:31 [ThreadId 3] ERROR phoityne - "error: Variable not in scope: childSpawns"
2021-12-15 11:12:31 [ThreadId 3] ERROR phoityne - "error: Variable not in scope: selfSpawns"
2021-12-15 11:20:19 [ThreadId 3] ERROR phoityne - "error: Variable not in scope: initFish"
2021-12-15 11:20:19 [ThreadId 3] ERROR phoityne - "error: Variable not in scope: spawningRates"
2021-12-15 11:20:19 [ThreadId 3] ERROR phoityne - "error: Variable not in scope: result"
2021-12-15 11:20:19 [ThreadId 3] ERROR phoityne - "error: Variable not in scope: memo"
2021-12-15 11:20:19 [ThreadId 3] ERROR phoityne - "error: Variable not in scope: childSpawns"
2021-12-15 11:20:19 [ThreadId 3] ERROR phoityne - "error: Variable not in scope: selfSpawns"
2021-12-15 11:20:21 [ThreadId 3] ERROR phoityne - "error: Variable not in scope: initFish"
2021-12-15 11:20:21 [ThreadId 3] ERROR phoityne - "error: Variable not in scope: spawningRates"
2021-12-15 11:20:21 [ThreadId 3] ERROR phoityne - "error: Variable not in scope: result"
2021-12-15 11:20:21 [ThreadId 3] ERROR phoityne - "error: Variable not in scope: memo"
2021-12-15 11:20:21 [ThreadId 3] ERROR phoityne - "error: Variable not in scope: childSpawns"
2021-12-15 11:20:21 [ThreadId 3] ERROR phoityne - "error: Variable not in scope: selfSpawns"
2021-12-15 11:20:25 [ThreadId 3] ERROR phoityne - "error: Variable not in scope: memo"
2021-12-15 11:20:27 [ThreadId 3] ERROR phoityne - "error: Variable not in scope: memo"
2021-12-15 11:20:31 [ThreadId 3] ERROR phoityne - "error: Variable not in scope: initFish"
2021-12-15 11:20:31 [ThreadId 3] ERROR phoityne - "error: Variable not in scope: spawningRates"
2021-12-15 11:20:31 [ThreadId 3] ERROR phoityne - "error: * Variable not in scope: result * Perhaps you meant `_result' (line 11)"
2021-12-15 11:20:31 [ThreadId 3] ERROR phoityne - "error: Variable not in scope: childSpawns"
2021-12-15 11:20:31 [ThreadId 3] ERROR phoityne - "error: Variable not in scope: selfSpawns"
2021-12-15 11:20:56 [ThreadId 3] ERROR phoityne - "error: Variable not in scope: initFish"
2021-12-15 11:20:56 [ThreadId 3] ERROR phoityne - "error: Variable not in scope: spawningRates"
2021-12-15 11:20:56 [ThreadId 3] ERROR phoityne - "error: Variable not in scope: result"
2021-12-15 11:20:56 [ThreadId 3] ERROR phoityne - "error: Variable not in scope: memo"
2021-12-15 11:20:56 [ThreadId 3] ERROR phoityne - "error: Variable not in scope: childSpawns"
2021-12-15 11:20:56 [ThreadId 3] ERROR phoityne - "error: Variable not in scope: selfSpawns"
2021-12-16 11:29:24 [ThreadId 3] ERROR phoityne - "error: Variable not in scope: xs"
2021-12-16 11:30:05 [ThreadId 3] ERROR phoityne - "error: Variable not in scope: xs"
2021-12-16 11:30:08 [ThreadId 3] ERROR phoityne - "error: * Variable not in scope: xs * Perhaps you meant `x' (<no location info>)"
2021-12-16 11:30:20 [ThreadId 3] ERROR phoityne - "error: * Variable not in scope: xs * Perhaps you meant one of these: `Ghci3.x' (imported from Ghci3), `x' (<no location info>)"
2021-12-16 11:30:35 [ThreadId 3] ERROR phoityne - "error: * Variable not in scope: xs * Perhaps you meant one of these: `Ghci3.x' (imported from Ghci3), `Ghci4.x' (imported from Ghci4), `x' (<no location info>)"
2021-12-16 11:31:54 [ThreadId 3] ERROR phoityne - "error: Variable not in scope: xs"
2021-12-16 11:31:59 [ThreadId 3] ERROR phoityne - "error: Variable not in scope: xs"
2021-12-16 11:32:11 [ThreadId 3] ERROR phoityne - "error: Variable not in scope: xs"
2021-12-16 11:32:11 [ThreadId 3] ERROR phoityne - "error: Variable not in scope: str1"
2021-12-16 11:32:54 [ThreadId 3] ERROR phoityne - "error: Variable not in scope: xs"
2021-12-16 11:33:19 [ThreadId 3] ERROR phoityne - "error: Variable not in scope: xs"
2021-12-16 11:33:19 [ThreadId 3] ERROR phoityne - "error: Variable not in scope: str1"
2021-12-16 11:33:22 [ThreadId 3] ERROR phoityne - "error: Variable not in scope: xs"
2021-12-16 11:33:22 [ThreadId 3] ERROR phoityne - "error: Variable not in scope: str1"
2021-12-16 11:33:28 [ThreadId 3] ERROR phoityne - "error: * Variable not in scope: xs * Perhaps you meant `x' (<no location info>)"
2021-12-16 11:33:28 [ThreadId 3] ERROR phoityne - "error: Variable not in scope: str1"
2021-12-16 11:33:31 [ThreadId 3] ERROR phoityne - "error: * Variable not in scope: xs * Perhaps you meant one of these: `Ghci3.x' (imported from Ghci3), `x' (<no location info>)"
2021-12-16 11:33:31 [ThreadId 3] ERROR phoityne - "error: Variable not in scope: str1"
2021-12-16 11:33:33 [ThreadId 3] ERROR phoityne - "error: Variable not in scope: str1"
2021-12-16 11:33:34 [ThreadId 3] ERROR phoityne - "error: * Variable not in scope: str1 * Perhaps you meant `str6' (<no location info>)"
2021-12-16 11:35:36 [ThreadId 3] ERROR phoityne - "error: Variable not in scope: xs"
2021-12-16 11:35:36 [ThreadId 3] ERROR phoityne - "error: Variable not in scope: str1"
2021-12-16 11:36:31 [ThreadId 3] ERROR phoityne - "error: Variable not in scope: xs"
2021-12-16 11:36:46 [ThreadId 3] ERROR phoityne - "error: Variable not in scope: xs"
2021-12-16 11:36:50 [ThreadId 3] ERROR phoityne - "error: Variable not in scope: xs"
2021-12-17 21:20:41 [ThreadId 3] ERROR phoityne - "error: Variable not in scope: xs"
2021-12-17 21:20:41 [ThreadId 3] ERROR phoityne - "error: Variable not in scope: str1"
2021-12-17 21:20:41 [ThreadId 3] ERROR phoityne - "error: Variable not in scope: str2"
2021-12-17 21:20:41 [ThreadId 3] ERROR phoityne - "error: Variable not in scope: str5"
2021-12-17 21:24:18 [ThreadId 3] ERROR phoityne - "error: * Variable not in scope: visitedCaves * Perhaps you meant visitedCaves' (<no location info>)"
2021-12-21 14:06:57 [ThreadId 3] ERROR phoityne - "error: Variable not in scope: visitedCaves'"
2021-12-21 14:06:57 [ThreadId 3] ERROR phoityne - "error: * Variable not in scope: toVisit * Perhaps you meant `M.toList' (imported from Data.Map)"
2021-12-21 14:06:57 [ThreadId 3] ERROR phoityne - "error: * Variable not in scope: links * Perhaps you meant `lines' (imported from Prelude)"
2021-12-21 14:07:09 [ThreadId 3] ERROR phoityne - "error: Variable not in scope: visitedCaves'"
2021-12-21 14:07:09 [ThreadId 3] ERROR phoityne - "error: * Variable not in scope: toVisit * Perhaps you meant `M.toList' (imported from Data.Map)"
2021-12-21 14:07:09 [ThreadId 3] ERROR phoityne - "error: * Variable not in scope: links * Perhaps you meant `lines' (imported from Prelude)"
2021-12-21 14:07:23 [ThreadId 3] ERROR phoityne - "error: Variable not in scope: visitedCaves'"
2021-12-21 14:07:23 [ThreadId 3] ERROR phoityne - "error: * Variable not in scope: toVisit * Perhaps you meant `M.toList' (imported from Data.Map)"
2021-12-21 14:07:23 [ThreadId 3] ERROR phoityne - "error: * Variable not in scope: links * Perhaps you meant `lines' (imported from Prelude)"
2021-12-21 14:07:25 [ThreadId 3] ERROR phoityne - "error: Variable not in scope: visitedCaves'"
2021-12-21 14:07:25 [ThreadId 3] ERROR phoityne - "error: * Variable not in scope: toVisit * Perhaps you meant `M.toList' (imported from Data.Map)"
2021-12-21 14:07:25 [ThreadId 3] ERROR phoityne - "error: * Variable not in scope: links * Perhaps you meant `lines' (imported from Prelude)"
2021-12-21 14:07:27 [ThreadId 3] ERROR phoityne - "error: Variable not in scope: visitedCaves'"
2021-12-21 14:07:27 [ThreadId 3] ERROR phoityne - "error: * Variable not in scope: toVisit * Perhaps you meant `M.toList' (imported from Data.Map)"
2021-12-21 14:07:27 [ThreadId 3] ERROR phoityne - "error: * Variable not in scope: links * Perhaps you meant `lines' (imported from Prelude)"
2021-12-21 14:07:30 [ThreadId 3] ERROR phoityne - "error: Variable not in scope: visitedCaves'"
2021-12-21 14:07:30 [ThreadId 3] ERROR phoityne - "error: * Variable not in scope: toVisit * Perhaps you meant `M.toList' (imported from Data.Map)"
2021-12-21 14:07:30 [ThreadId 3] ERROR phoityne - "error: * Variable not in scope: links * Perhaps you meant `lines' (imported from Prelude)"
2021-12-21 14:07:43 [ThreadId 3] ERROR phoityne - "error: parse error on input `else'"
2021-12-21 21:04:34 [ThreadId 3] ERROR phoityne - "error: Variable not in scope: nextPoint"
2021-12-21 21:04:37 [ThreadId 3] ERROR phoityne - "error: Variable not in scope: memo"
2021-12-21 21:04:40 [ThreadId 3] ERROR phoityne - "error: Variable not in scope: memo"
2021-12-21 21:05:08 [ThreadId 3] ERROR phoityne - "error: Variable not in scope: memo"
2021-12-21 21:05:08 [ThreadId 3] ERROR phoityne - "error: Variable not in scope: memo"
2021-12-21 21:06:19 [ThreadId 3] ERROR phoityne - "error: Variable not in scope: memo"
2021-12-22 14:04:13 [ThreadId 3] ERROR phoityne - ghci launch error. <file descriptor: 5>: hPutChar: resource vanished (Broken pipe)

2021-12-22 14:04:13 [ThreadId 3] ERROR phoityne - [disconnectRequestHandler] ghci not started.
2021-12-25 13:00:01 [ThreadId 3] ERROR phoityne - "error: Variable not in scope: value"
2021-12-25 13:00:09 [ThreadId 3] ERROR phoityne - "error: Variable not in scope: nextNode"
2021-12-25 13:00:09 [ThreadId 3] ERROR phoityne - "error: Variable not in scope: unvisitedNodes''"
2021-12-25 13:00:09 [ThreadId 3] ERROR phoityne - "error: Variable not in scope: pathMap'"
2021-12-25 13:00:12 [ThreadId 3] ERROR phoityne - "error: Variable not in scope: nextNode"
2021-12-25 13:00:12 [ThreadId 3] ERROR phoityne - "error: Variable not in scope: unvisitedNodes''"
2021-12-25 13:00:12 [ThreadId 3] ERROR phoityne - "error: Variable not in scope: pathMap'"
2021-12-25 13:00:22 [ThreadId 3] ERROR phoityne - "error: Variable not in scope: nextNode"
2021-12-25 13:00:22 [ThreadId 3] ERROR phoityne - "error: Variable not in scope: unvisitedNodes''"
2021-12-25 13:00:22 [ThreadId 3] ERROR phoityne - "error: Variable not in scope: pathMap'"
2021-12-25 15:26:39 [ThreadId 3] ERROR phoityne - "error: Variable not in scope: version"
2021-12-25 15:26:39 [ThreadId 3] ERROR phoityne - "error: Variable not in scope: s"
2021-12-25 15:26:39 [ThreadId 3] ERROR phoityne - "error: * Variable not in scope: header * Perhaps you meant `head' (imported from Prelude)"
2021-12-25 15:27:07 [ThreadId 3] ERROR phoityne - "error: Variable not in scope: version"
2021-12-25 15:27:07 [ThreadId 3] ERROR phoityne - "error: Variable not in scope: s"
2021-12-25 15:27:07 [ThreadId 3] ERROR phoityne - "error: * Variable not in scope: header * Perhaps you meant `head' (imported from Prelude)"
2021-12-25 15:27:17 [ThreadId 3] ERROR phoityne - "error: Variable not in scope: version"
2021-12-25 15:27:17 [ThreadId 3] ERROR phoityne - "error: Variable not in scope: s"
2021-12-25 15:27:17 [ThreadId 3] ERROR phoityne - "error: * Variable not in scope: header * Perhaps you meant `head' (imported from Prelude)"
2021-12-25 15:27:19 [ThreadId 3] ERROR phoityne - "error: Variable not in scope: version"
2021-12-25 15:27:19 [ThreadId 3] ERROR phoityne - "error: Variable not in scope: s"
2021-12-25 15:27:19 [ThreadId 3] ERROR phoityne - "error: * Variable not in scope: header * Perhaps you meant `head' (imported from Prelude)"
2021-12-25 15:27:20 [ThreadId 3] ERROR phoityne - "error: Variable not in scope: version"
2021-12-25 15:27:20 [ThreadId 3] ERROR phoityne - "error: Variable not in scope: s"
2021-12-25 15:27:20 [ThreadId 3] ERROR phoityne - "error: * Variable not in scope: header * Perhaps you meant `head' (imported from Prelude)"
2021-12-25 15:27:21 [ThreadId 3] ERROR phoityne - "error: Variable not in scope: version"
2021-12-25 15:27:21 [ThreadId 3] ERROR phoityne - "error: Variable not in scope: s"
2021-12-25 15:27:21 [ThreadId 3] ERROR phoityne - "error: * Variable not in scope: header * Perhaps you meant `head' (imported from Prelude)"
2021-12-25 15:27:22 [ThreadId 3] ERROR phoityne - "error: Variable not in scope: version"
2021-12-25 15:27:22 [ThreadId 3] ERROR phoityne - "error: Variable not in scope: s"
2021-12-25 15:27:22 [ThreadId 3] ERROR phoityne - "error: * Variable not in scope: header * Perhaps you meant `head' (imported from Prelude)"
2021-12-25 15:27:22 [ThreadId 3] ERROR phoityne - "error: Variable not in scope: version"
2021-12-25 15:27:22 [ThreadId 3] ERROR phoityne - "error: Variable not in scope: s"
2021-12-25 15:27:22 [ThreadId 3] ERROR phoityne - "error: * Variable not in scope: header * Perhaps you meant `head' (imported from Prelude)"
2021-12-25 15:27:23 [ThreadId 3] ERROR phoityne - "error: Variable not in scope: version"
2021-12-25 15:27:23 [ThreadId 3] ERROR phoityne - "error: Variable not in scope: s"
2021-12-25 15:27:23 [ThreadId 3] ERROR phoityne - "error: * Variable not in scope: header * Perhaps you meant `head' (imported from Prelude)"
2021-12-25 15:27:24 [ThreadId 3] ERROR phoityne - "error: Variable not in scope: version"
2021-12-25 15:27:24 [ThreadId 3] ERROR phoityne - "error: Variable not in scope: s"
2021-12-25 15:27:24 [ThreadId 3] ERROR phoityne - "error: * Variable not in scope: header * Perhaps you meant `head' (imported from Prelude)"
2021-12-25 15:27:43 [ThreadId 3] ERROR phoityne - "error: Variable not in scope: version"
2021-12-25 15:27:43 [ThreadId 3] ERROR phoityne - "error: Variable not in scope: s"
2021-12-25 15:27:43 [ThreadId 3] ERROR phoityne - "error: * Variable not in scope: header * Perhaps you meant `head' (imported from Prelude)"
2021-12-25 15:28:52 [ThreadId 3] ERROR phoityne - "error: Variable not in scope: version"
2021-12-25 15:28:52 [ThreadId 3] ERROR phoityne - "error: Variable not in scope: s"
2021-12-25 15:28:52 [ThreadId 3] ERROR phoityne - "error: * Variable not in scope: header * Perhaps you meant `head' (imported from Prelude)"
2021-12-25 15:37:49 [ThreadId 3] ERROR phoityne - "error: Variable not in scope: version"
2021-12-25 15:37:49 [ThreadId 3] ERROR phoityne - "error: Variable not in scope: s"
2021-12-25 15:37:49 [ThreadId 3] ERROR phoityne - "error: * Variable not in scope: header * Perhaps you meant `head' (imported from Prelude)"
2021-12-25 15:37:54 [ThreadId 3] ERROR phoityne - "error: Variable not in scope: version"
2021-12-25 15:37:54 [ThreadId 3] ERROR phoityne - "error: Variable not in scope: s"
2021-12-25 15:37:54 [ThreadId 3] ERROR phoityne - "error: * Variable not in scope: header * Perhaps you meant `head' (imported from Prelude)"
2021-12-25 15:38:06 [ThreadId 3] ERROR phoityne - "error: Variable not in scope: version"
2021-12-25 15:38:06 [ThreadId 3] ERROR phoityne - "error: Variable not in scope: s"
2021-12-25 15:38:06 [ThreadId 3] ERROR phoityne - "error: * Variable not in scope: header * Perhaps you meant `head' (imported from Prelude)"
2021-12-25 15:38:06 [ThreadId 3] ERROR phoityne - "error: Variable not in scope: yMax"
2021-12-25 15:58:17 [ThreadId 3] ERROR phoityne - "error: Variable not in scope: version"
2021-12-25 15:58:17 [ThreadId 3] ERROR phoityne - "error: Variable not in scope: s"
2021-12-25 15:58:17 [ThreadId 3] ERROR phoityne - "error: * Variable not in scope: header * Perhaps you meant `head' (imported from Prelude)"
2021-12-25 15:58:17 [ThreadId 3] ERROR phoityne - "error: * Variable not in scope: yMax * Perhaps you meant `xMax' (<no location info>)"
2021-12-25 15:58:20 [ThreadId 3] ERROR phoityne - "error: Variable not in scope: version"
2021-12-25 15:58:20 [ThreadId 3] ERROR phoityne - "error: Variable not in scope: s"
2021-12-25 15:58:20 [ThreadId 3] ERROR phoityne - "error: * Variable not in scope: header * Perhaps you meant `head' (imported from Prelude)"
2021-12-25 15:58:20 [ThreadId 3] ERROR phoityne - "error: * Variable not in scope: yMax * Perhaps you meant `xMax' (<no location info>)"
2021-12-25 17:09:51 [ThreadId 3] ERROR phoityne - "error: Variable not in scope: xs"
2021-12-25 17:10:04 [ThreadId 3] ERROR phoityne - "error: parse error on input `->'"
2021-12-26 19:16:02 [ThreadId 3] ERROR phoityne - "error: Variable not in scope: xs"
2022-01-07 04:40:54 [ThreadId 3] ERROR phoityne - "error: Variable not in scope: state"
2022-01-07 04:40:58 [ThreadId 3] ERROR phoityne - "error: Variable not in scope: b"
2022-01-11 03:28:20 [ThreadId 3] ERROR phoityne - "error: parse error on input `$' Perhaps you intended to use TemplateHaskell"
2022-01-11 03:29:23 [ThreadId 3] ERROR phoityne - "error: Variable not in scope: cucumbers"
2022-01-11 03:29:27 [ThreadId 3] ERROR phoityne - "error: Variable not in scope: cucumbers"
2022-01-11 03:35:22 [ThreadId 3] ERROR phoityne - "error: Variable not in scope: cucumbers"
